#
# There is insufficient memory for the Java Runtime Environment to continue.
# Native memory allocation (malloc) failed to allocate 1048576 bytes for AllocateHeap
# Possible reasons:
#   The system is out of physical RAM or swap space
#   In 32 bit mode, the process size limit was hit
# Possible solutions:
#   Reduce memory load on the system
#   Increase physical memory or swap space
#   Check if swap backing store is full
#   Use 64 bit Java on a 64 bit OS
#   Decrease Java heap size (-Xmx/-Xms)
#   Decrease number of Java threads
#   Decrease Java thread stack sizes (-Xss)
#   Set larger code cache with -XX:ReservedCodeCacheSize=
# This output file may be truncated or incomplete.
#
#  Out of Memory Error (memory/allocation.inline.hpp:61), pid=12520, tid=0x0000000000002640
#
# JRE version:  (8.0_181-b13) (build )
# Java VM: Java HotSpot(TM) 64-Bit Server VM (25.181-b13 mixed mode windows-amd64 compressed oops)
# Failed to write core dump. Minidumps are not enabled by default on client versions of Windows
#

---------------  T H R E A D  ---------------

Current thread (0x00000000033e3800):  JavaThread "Unknown thread" [_thread_in_vm, id=9792, stack(0x00000000032e0000,0x00000000033e0000)]

Stack: [0x00000000032e0000,0x00000000033e0000]
[error occurred during error reporting (printing stack bounds), id 0xc0000005]

Native frames: (J=compiled Java code, j=interpreted, Vv=VM code, C=native code)


---------------  P R O C E S S  ---------------

Java Threads: ( => current thread )

Other Threads:

=>0x00000000033e3800 (exited) JavaThread "Unknown thread" [_thread_in_vm, id=9792, stack(0x00000000032e0000,0x00000000033e0000)]

VM state:not at safepoint (normal execution)

VM Mutex/Monitor currently owned by a thread: None

Heap:
 PSYoungGen      total 67584K, used 1167K [0x0000000775000000, 0x0000000779b00000, 0x00000007c0000000)
  eden space 58368K, 2% used [0x0000000775000000,0x0000000775123d80,0x0000000778900000)
  from space 9216K, 0% used [0x0000000779200000,0x0000000779200000,0x0000000779b00000)
  to   space 9216K, 0% used [0x0000000778900000,0x0000000778900000,0x0000000779200000)
 ParOldGen       total 154624K, used 0K [0x00000006df000000, 0x00000006e8700000, 0x0000000775000000)
  object space 154624K, 0% used [0x00000006df000000,0x00000006df000000,0x00000006e8700000)
 Metaspace       used 784K, capacity 1092K, committed 1152K, reserved 1060864K
  class space    used 76K, capacity 384K, committed 384K, reserved 1048576K

Card table byte_map: [0x00000000128a0000,0x0000000012fb0000] byte_map_base: 0x000000000f1a8000

Marking Bits: (ParMarkBitMap*) 0x0000000054b32d00
 Begin Bits: [0x0000000013c60000, 0x00000000174a0000)
 End Bits:   [0x00000000174a0000, 0x000000001ace0000)

Polling page: 0x0000000000df0000

CodeCache: size=245760Kb used=328Kb max_used=328Kb free=245431Kb
 bounds [0x00000000034e0000, 0x0000000003750000, 0x00000000124e0000]
 total_blobs=58 nmethods=0 adapters=38
 compilation: enabled

Compilation events (0 events):
No events

GC Heap History (0 events):
No events

Deoptimization events (0 events):
No events

Classes redefined (0 events):
No events

Internal exceptions (0 events):
No events

Events (10 events):
Event: 0.040 loading class java/lang/Short
Event: 0.040 loading class java/lang/Short done
Event: 0.040 loading class java/lang/Integer
Event: 0.040 loading class java/lang/Integer done
Event: 0.040 loading class java/lang/Long
Event: 0.040 loading class java/lang/Long done
Event: 0.041 loading class java/lang/NullPointerException
Event: 0.041 loading class java/lang/NullPointerException done
Event: 0.041 loading class java/lang/ArithmeticException
Event: 0.041 loading class java/lang/ArithmeticException done


Dynamic libraries:
0x00007ff798d90000 - 0x00007ff798dc7000 	C:\Program Files\Java\jdk1.8.0_181\bin\javaw.exe
0x00007ffe63140000 - 0x00007ffe63330000 	C:\WINDOWS\SYSTEM32\ntdll.dll
0x00007ffe61b40000 - 0x00007ffe61bf2000 	C:\WINDOWS\System32\KERNEL32.DLL
0x00007ffe60170000 - 0x00007ffe60415000 	C:\WINDOWS\System32\KERNELBASE.dll
0x00007ffe626a0000 - 0x00007ffe62743000 	C:\WINDOWS\System32\ADVAPI32.dll
0x00007ffe61c00000 - 0x00007ffe61c9e000 	C:\WINDOWS\System32\msvcrt.dll
0x00007ffe62eb0000 - 0x00007ffe62f47000 	C:\WINDOWS\System32\sechost.dll
0x00007ffe61f80000 - 0x00007ffe620a0000 	C:\WINDOWS\System32\RPCRT4.dll
0x00007ffe62750000 - 0x00007ffe628e4000 	C:\WINDOWS\System32\USER32.dll
0x00007ffe60d30000 - 0x00007ffe60d51000 	C:\WINDOWS\System32\win32u.dll
0x00007ffe62250000 - 0x00007ffe62276000 	C:\WINDOWS\System32\GDI32.dll
0x00007ffe60d60000 - 0x00007ffe60ef6000 	C:\WINDOWS\System32\gdi32full.dll
0x00007ffe61000000 - 0x00007ffe6109e000 	C:\WINDOWS\System32\msvcp_win.dll
0x00007ffe60f00000 - 0x00007ffe60ffa000 	C:\WINDOWS\System32\ucrtbase.dll
0x00007ffe4b840000 - 0x00007ffe4bac4000 	C:\WINDOWS\WinSxS\amd64_microsoft.windows.common-controls_6595b64144ccf1df_6.0.18362.1256_none_9e7e379be45e40e2\COMCTL32.dll
0x00007ffe62360000 - 0x00007ffe62696000 	C:\WINDOWS\System32\combase.dll
0x00007ffe600e0000 - 0x00007ffe60161000 	C:\WINDOWS\System32\bcryptPrimitives.dll
0x00007ffe61ca0000 - 0x00007ffe61cce000 	C:\WINDOWS\System32\IMM32.DLL
0x0000000053e00000 - 0x0000000053ed2000 	C:\Program Files\Java\jdk1.8.0_181\jre\bin\msvcr100.dll
0x0000000054310000 - 0x0000000054bb2000 	C:\Program Files\Java\jdk1.8.0_181\jre\bin\server\jvm.dll
0x00007ffe62280000 - 0x00007ffe62288000 	C:\WINDOWS\System32\PSAPI.DLL
0x00007ffe5fbc0000 - 0x00007ffe5fbca000 	C:\WINDOWS\SYSTEM32\VERSION.dll
0x00007ffe49070000 - 0x00007ffe49079000 	C:\WINDOWS\SYSTEM32\WSOCK32.dll
0x00007ffe61f00000 - 0x00007ffe61f6f000 	C:\WINDOWS\System32\WS2_32.dll
0x00007ffe5cd90000 - 0x00007ffe5cdb4000 	C:\WINDOWS\SYSTEM32\WINMM.dll
0x00007ffe5cd60000 - 0x00007ffe5cd8d000 	C:\WINDOWS\SYSTEM32\winmmbase.dll
0x00007ffe60c80000 - 0x00007ffe60cca000 	C:\WINDOWS\System32\cfgmgr32.dll
0x0000000054220000 - 0x000000005422f000 	C:\Program Files\Java\jdk1.8.0_181\jre\bin\verify.dll
0x00000000541f0000 - 0x0000000054219000 	C:\Program Files\Java\jdk1.8.0_181\jre\bin\java.dll
0x00000000541d0000 - 0x00000000541e6000 	C:\Program Files\Java\jdk1.8.0_181\jre\bin\zip.dll

VM Arguments:
jvm_args: -Dcom.sun.management.jmxremote -Dcom.sun.management.jmxremote.port=57286 -Dcom.sun.management.jmxremote.authenticate=false -Dcom.sun.management.jmxremote.ssl=false -Djava.rmi.server.hostname=localhost -Dspring.jmx.enabled=true -Dspring.application.admin.enabled=true -Xverify:none -XX:TieredStopAtLevel=1 -Dfile.encoding=UTF-8 
java_command: org.demo.cn.SpringbootDemoApplication --spring.output.ansi.enabled=always
java_class_path (initial): D:\Test\springboot-demo\target\classes;D:\javasoft\apache-maven-3.6.3\repo\org\springframework\boot\spring-boot-starter-web\2.4.0\spring-boot-starter-web-2.4.0.jar;D:\javasoft\apache-maven-3.6.3\repo\org\springframework\boot\spring-boot-starter\2.4.0\spring-boot-starter-2.4.0.jar;D:\javasoft\apache-maven-3.6.3\repo\org\springframework\boot\spring-boot\2.4.0\spring-boot-2.4.0.jar;D:\javasoft\apache-maven-3.6.3\repo\org\springframework\boot\spring-boot-autoconfigure\2.4.0\spring-boot-autoconfigure-2.4.0.jar;D:\javasoft\apache-maven-3.6.3\repo\org\springframework\boot\spring-boot-starter-logging\2.4.0\spring-boot-starter-logging-2.4.0.jar;D:\javasoft\apache-maven-3.6.3\repo\ch\qos\logback\logback-classic\1.2.3\logback-classic-1.2.3.jar;D:\javasoft\apache-maven-3.6.3\repo\ch\qos\logback\logback-core\1.2.3\logback-core-1.2.3.jar;D:\javasoft\apache-maven-3.6.3\repo\org\apache\logging\log4j\log4j-to-slf4j\2.13.3\log4j-to-slf4j-2.13.3.jar;D:\javasoft\apache-maven-3.6.3\repo\org\apache\logging\log4j\log4j-api\2.13.3\log4j-api-2.13.3.jar;D:\javasoft\apache-maven-3.6.3\repo\org\slf4j\jul-to-slf4j\1.7.30\jul-to-slf4j-1.7.30.jar;D:\javasoft\apache-maven-3.6.3\repo\jakarta\annotation\jakarta.annotation-api\1.3.5\jakarta.annotation-api-1.3.5.jar;D:\javasoft\apache-maven-3.6.3\repo\org\yaml\snakeyaml\1.27\snakeyaml-1.27.jar;D:\javasoft\apache-maven-3.6.3\repo\org\springframework\boot\spring-boot-starter-json\2.4.0\spring-boot-starter-json-2.4.0.jar;D:\javasoft\apache-maven-3.6.3\repo\com\fasterxml\jackson\core\jackson-databind\2.11.3\jackson-databind-2.11.3.jar;D:\javasoft\apache-maven-3.6.3\repo\com\fasterxml\jackson\core\jackson-annotations\2.11.3\jackson-annotations-2.11.3.jar;D:\javasoft\apache-maven-3.6.3\repo\com\fasterxml\jackson\core\jackson-core\2.11.3\jackson-core-2.11.3.jar;D:\javasoft\apache-maven-3.6.3\repo\com\fasterxml\jackson\datatype\jackson-datatype-jdk8\2.11.3\jackson-datatype-jdk8-2.11.3.jar;D:\javasoft\apache-maven-3.6.3\repo\com\fa
Launcher Type: SUN_STANDARD

Environment Variables:
PATH=C:/Program Files/Java/jdk1.8.0_181/bin/../jre/bin/server;C:/Program Files/Java/jdk1.8.0_181/bin/../jre/bin;C:/Program Files/Java/jdk1.8.0_181/bin/../jre/lib/amd64;D:\app\Halana\product\11.2.0\dbhome_1\bin;C:\Program Files\Java\jdk1.8.0_181\bin;C:\Program Files (x86)\Common Files\Oracle\Java\javapath;C:\Windows\system32;C:\Windows;C:\Windows\System32\Wbem;C:\Windows\System32\WindowsPowerShell\v1.0\;C:\Windows\System32\OpenSSH\;C:\Program Files\Intel\WiFi\bin\;C:\Program Files\Common Files\Intel\WirelessCommon\;C:\Program Files (x86)\NVIDIA Corporation\PhysX\Common;C:\Program Files\NVIDIA Corporation\NVIDIA NvDLISR;;C:\WINDOWS\system32;C:\WINDOWS;C:\WINDOWS\System32\Wbem;C:\WINDOWS\System32\WindowsPowerShell\v1.0\;C:\WINDOWS\System32\OpenSSH\;C:\Users\Halana\AppData\Local\Microsoft\WindowsApps;C:\Users\Halana\AppData\Local\GitHubDesktop\bin;C:\Users\Halana\AppData\Local\Microsoft\WindowsApps;;D:\javasoft\sts-4.2.0.RELEASE;
USERNAME=Halana
OS=Windows_NT
PROCESSOR_IDENTIFIER=Intel64 Family 6 Model 142 Stepping 12, GenuineIntel



---------------  S Y S T E M  ---------------

OS: Windows 10.0 , 64 bit Build 18362 (10.0.18362.1110)

CPU:total 8 (initial active 8) (4 cores per cpu, 2 threads per core) family 6 model 142 stepping 12, cmov, cx8, fxsr, mmx, sse, sse2, sse3, ssse3, sse4.1, sse4.2, popcnt, avx, avx2, aes, clmul, erms, 3dnowpref, lzcnt, ht, tsc, tscinvbit, bmi1, bmi2, adx

Memory: 4k page, physical 14743284k(6163456k free), swap 14743284k(6128k free)

vm_info: Java HotSpot(TM) 64-Bit Server VM (25.181-b13) for windows-amd64 JRE (1.8.0_181-b13), built on Jul  7 2018 04:01:33 by "java_re" with MS VC++ 10.0 (VS2010)

time: Fri Dec 18 22:31:09 2020
elapsed time: 0 seconds (0d 0h 0m 0s)

